d:\plotwise\x64\debug\vc142.pdb
d:\plotwise\x64\debug\tspmanager.obj
d:\plotwise\x64\debug\basicoperations.obj
d:\plotwise\x64\debug\neighborhoodsearch.obj
d:\plotwise\x64\debug\heuristictsp.obj
d:\plotwise\x64\debug\main.obj
d:\plotwise\x64\debug\deliverypoint.obj
d:\plotwise\x64\debug\io_datareader.obj
d:\plotwise\x64\debug\gtest.pdb
d:\plotwise\x64\debug\gtest_main.pdb
d:\plotwise\x64\debug\plotwise.exe
d:\plotwise\x64\debug\plotwise.ilk
d:\plotwise\x64\debug\plotwise.pdb
d:\plotwise\x64\debug\test.ilk
d:\plotwise\x64\debug\test.pdb
d:\plotwise\x64\debug\plotwise.tlog\cl.command.1.tlog
d:\plotwise\x64\debug\plotwise.tlog\cl.read.1.tlog
d:\plotwise\x64\debug\plotwise.tlog\cl.write.1.tlog
d:\plotwise\x64\debug\plotwise.tlog\copylocal.read.1u.tlog
d:\plotwise\x64\debug\plotwise.tlog\copylocal.write.1u.tlog
d:\plotwise\x64\debug\plotwise.tlog\link.command.1.tlog
d:\plotwise\x64\debug\plotwise.tlog\link.read.1.tlog
d:\plotwise\x64\debug\plotwise.tlog\link.write.1.tlog
